The system is: Linux - 5.15.12-rt25 - x86_64
Compiling the C compiler identification source file "CMakeCCompilerId.c" succeeded.
Compiler: /usr/bin/cc 
Build flags: 
Id flags:  

The output was:
0


Compilation of the C compiler identification source "CMakeCCompilerId.c" produced "a.out"

The C compiler identification is GNU, found in "/home/imc/Documents/EtherCAT_Elmo_Base/build/CMakeFiles/3.16.3/CompilerIdC/a.out"

Compiling the CXX compiler identification source file "CMakeCXXCompilerId.cpp" succeeded.
Compiler: /usr/bin/c++ 
Build flags: 
Id flags:  

The output was:
0


Compilation of the CXX compiler identification source "CMakeCXXCompilerId.cpp" produced "a.out"

The CXX compiler identification is GNU, found in "/home/imc/Documents/EtherCAT_Elmo_Base/build/CMakeFiles/3.16.3/CompilerIdCXX/a.out"

Determining if the C compiler works passed with the following output:
Change Dir: /home/imc/Documents/EtherCAT_Elmo_Base/build/CMakeFiles/CMakeTmp

Run Build Command(s):/usr/bin/make cmTC_04de5/fast && /usr/bin/make -f CMakeFiles/cmTC_04de5.dir/build.make CMakeFiles/cmTC_04de5.dir/build
make[1]: 进入目录“/home/imc/Documents/EtherCAT_Elmo_Base/build/CMakeFiles/CMakeTmp”
Building C object CMakeFiles/cmTC_04de5.dir/testCCompiler.c.o
/usr/bin/cc    -o CMakeFiles/cmTC_04de5.dir/testCCompiler.c.o   -c /home/imc/Documents/EtherCAT_Elmo_Base/build/CMakeFiles/CMakeTmp/testCCompiler.c
Linking C executable cmTC_04de5
/usr/bin/cmake -E cmake_link_script CMakeFiles/cmTC_04de5.dir/link.txt --verbose=1
/usr/bin/cc      CMakeFiles/cmTC_04de5.dir/testCCompiler.c.o  -o cmTC_04de5 
make[1]: 离开目录“/home/imc/Documents/EtherCAT_Elmo_Base/build/CMakeFiles/CMakeTmp”



Detecting C compiler ABI info compiled with the following output:
Change Dir: /home/imc/Documents/EtherCAT_Elmo_Base/build/CMakeFiles/CMakeTmp

Run Build Command(s):/usr/bin/make cmTC_7a3f2/fast && /usr/bin/make -f CMakeFiles/cmTC_7a3f2.dir/build.make CMakeFiles/cmTC_7a3f2.dir/build
make[1]: Entering directory '/home/imc/Documents/EtherCAT_Elmo_Base/build/CMakeFiles/CMakeTmp'
Building C object CMakeFiles/cmTC_7a3f2.dir/CMakeCCompilerABI.c.o
/usr/bin/cc   -v -o CMakeFiles/cmTC_7a3f2.dir/CMakeCCompilerABI.c.o   -c /usr/share/cmake-3.16/Modules/CMakeCCompilerABI.c
Using built-in specs.
COLLECT_GCC=/usr/bin/cc
Target: x86_64-linux-gnu
Configured with: ./configure -v --build=x86_64-linux-gnu --host=x86_64-linux-gnu --target=x86_64-linux-gnu --prefix=/usr/local/gcc-14.2.0 --enable-checking=release --enable-languages=c,c++ --disable-multilib --program-suffix=-14.2.0
Thread model: posix
Supported LTO compression algorithms: zlib
gcc version 14.2.0 (GCC) 
COLLECT_GCC_OPTIONS='-v' '-o' 'CMakeFiles/cmTC_7a3f2.dir/CMakeCCompilerABI.c.o' '-c' '-mtune=generic' '-march=x86-64' '-dumpdir' 'CMakeFiles/cmTC_7a3f2.dir/'
 /usr/local/gcc-14.2.0/libexec/gcc/x86_64-linux-gnu/14.2.0/cc1 -quiet -v -imultiarch x86_64-linux-gnu /usr/share/cmake-3.16/Modules/CMakeCCompilerABI.c -quiet -dumpdir CMakeFiles/cmTC_7a3f2.dir/ -dumpbase CMakeCCompilerABI.c.c -dumpbase-ext .c -mtune=generic -march=x86-64 -version -o /tmp/ccX6vwK4.s
GNU C17 (GCC) version 14.2.0 (x86_64-linux-gnu)
	compiled by GNU C version 14.2.0, GMP version 6.2.0, MPFR version 4.0.2, MPC version 1.1.0, isl version none
GGC heuristics: --param ggc-min-expand=100 --param ggc-min-heapsize=131072
ignoring nonexistent directory "/usr/local/include/x86_64-linux-gnu"
ignoring nonexistent directory "/usr/local/gcc-14.2.0/lib/gcc/x86_64-linux-gnu/14.2.0/../../../../x86_64-linux-gnu/include"
#include "..." search starts here:
#include <...> search starts here:
 /usr/local/gcc-14.2.0/lib/gcc/x86_64-linux-gnu/14.2.0/include
 /usr/local/include
 /usr/local/gcc-14.2.0/include
 /usr/local/gcc-14.2.0/lib/gcc/x86_64-linux-gnu/14.2.0/include-fixed/x86_64-linux-gnu
 /usr/local/gcc-14.2.0/lib/gcc/x86_64-linux-gnu/14.2.0/include-fixed
 /usr/include/x86_64-linux-gnu
 /usr/include
End of search list.
Compiler executable checksum: e6d73b48cf4f3ebcb07b647ea3101a98
COLLECT_GCC_OPTIONS='-v' '-o' 'CMakeFiles/cmTC_7a3f2.dir/CMakeCCompilerABI.c.o' '-c' '-mtune=generic' '-march=x86-64' '-dumpdir' 'CMakeFiles/cmTC_7a3f2.dir/'
 as -v --64 -o CMakeFiles/cmTC_7a3f2.dir/CMakeCCompilerABI.c.o /tmp/ccX6vwK4.s
GNU assembler version 2.34 (x86_64-linux-gnu) using BFD version (GNU Binutils for Ubuntu) 2.34
COMPILER_PATH=/usr/local/gcc-14.2.0/libexec/gcc/x86_64-linux-gnu/14.2.0/:/usr/local/gcc-14.2.0/libexec/gcc/x86_64-linux-gnu/14.2.0/:/usr/local/gcc-14.2.0/libexec/gcc/x86_64-linux-gnu/:/usr/local/gcc-14.2.0/lib/gcc/x86_64-linux-gnu/14.2.0/:/usr/local/gcc-14.2.0/lib/gcc/x86_64-linux-gnu/
LIBRARY_PATH=/usr/local/gcc-14.2.0/lib/gcc/x86_64-linux-gnu/14.2.0/:/usr/local/gcc-14.2.0/lib/gcc/x86_64-linux-gnu/14.2.0/../../../../lib64/:/lib/x86_64-linux-gnu/:/lib/../lib64/:/usr/lib/x86_64-linux-gnu/:/usr/lib/../lib64/:/usr/local/gcc-14.2.0/lib/gcc/x86_64-linux-gnu/14.2.0/../../../:/lib/:/usr/lib/
COLLECT_GCC_OPTIONS='-v' '-o' 'CMakeFiles/cmTC_7a3f2.dir/CMakeCCompilerABI.c.o' '-c' '-mtune=generic' '-march=x86-64' '-dumpdir' 'CMakeFiles/cmTC_7a3f2.dir/CMakeCCompilerABI.c.'
Linking C executable cmTC_7a3f2
/usr/bin/cmake -E cmake_link_script CMakeFiles/cmTC_7a3f2.dir/link.txt --verbose=1
/usr/bin/cc     -v CMakeFiles/cmTC_7a3f2.dir/CMakeCCompilerABI.c.o  -o cmTC_7a3f2 
Using built-in specs.
COLLECT_GCC=/usr/bin/cc
COLLECT_LTO_WRAPPER=/usr/local/gcc-14.2.0/libexec/gcc/x86_64-linux-gnu/14.2.0/lto-wrapper
Target: x86_64-linux-gnu
Configured with: ./configure -v --build=x86_64-linux-gnu --host=x86_64-linux-gnu --target=x86_64-linux-gnu --prefix=/usr/local/gcc-14.2.0 --enable-checking=release --enable-languages=c,c++ --disable-multilib --program-suffix=-14.2.0
Thread model: posix
Supported LTO compression algorithms: zlib
gcc version 14.2.0 (GCC) 
COMPILER_PATH=/usr/local/gcc-14.2.0/libexec/gcc/x86_64-linux-gnu/14.2.0/:/usr/local/gcc-14.2.0/libexec/gcc/x86_64-linux-gnu/14.2.0/:/usr/local/gcc-14.2.0/libexec/gcc/x86_64-linux-gnu/:/usr/local/gcc-14.2.0/lib/gcc/x86_64-linux-gnu/14.2.0/:/usr/local/gcc-14.2.0/lib/gcc/x86_64-linux-gnu/
LIBRARY_PATH=/usr/local/gcc-14.2.0/lib/gcc/x86_64-linux-gnu/14.2.0/:/usr/local/gcc-14.2.0/lib/gcc/x86_64-linux-gnu/14.2.0/../../../../lib64/:/lib/x86_64-linux-gnu/:/lib/../lib64/:/usr/lib/x86_64-linux-gnu/:/usr/lib/../lib64/:/usr/local/gcc-14.2.0/lib/gcc/x86_64-linux-gnu/14.2.0/../../../:/lib/:/usr/lib/
COLLECT_GCC_OPTIONS='-v' '-o' 'cmTC_7a3f2' '-mtune=generic' '-march=x86-64' '-dumpdir' 'cmTC_7a3f2.'
 /usr/local/gcc-14.2.0/libexec/gcc/x86_64-linux-gnu/14.2.0/collect2 -plugin /usr/local/gcc-14.2.0/libexec/gcc/x86_64-linux-gnu/14.2.0/liblto_plugin.so -plugin-opt=/usr/local/gcc-14.2.0/libexec/gcc/x86_64-linux-gnu/14.2.0/lto-wrapper -plugin-opt=-fresolution=/tmp/ccIez4gA.res -plugin-opt=-pass-through=-lgcc -plugin-opt=-pass-through=-lgcc_s -plugin-opt=-pass-through=-lc -plugin-opt=-pass-through=-lgcc -plugin-opt=-pass-through=-lgcc_s --eh-frame-hdr -m elf_x86_64 -dynamic-linker /lib64/ld-linux-x86-64.so.2 -o cmTC_7a3f2 /lib/x86_64-linux-gnu/crt1.o /lib/x86_64-linux-gnu/crti.o /usr/local/gcc-14.2.0/lib/gcc/x86_64-linux-gnu/14.2.0/crtbegin.o -L/usr/local/gcc-14.2.0/lib/gcc/x86_64-linux-gnu/14.2.0 -L/usr/local/gcc-14.2.0/lib/gcc/x86_64-linux-gnu/14.2.0/../../../../lib64 -L/lib/x86_64-linux-gnu -L/lib/../lib64 -L/usr/lib/x86_64-linux-gnu -L/usr/lib/../lib64 -L/usr/local/gcc-14.2.0/lib/gcc/x86_64-linux-gnu/14.2.0/../../.. CMakeFiles/cmTC_7a3f2.dir/CMakeCCompilerABI.c.o -lgcc --push-state --as-needed -lgcc_s --pop-state -lc -lgcc --push-state --as-needed -lgcc_s --pop-state /usr/local/gcc-14.2.0/lib/gcc/x86_64-linux-gnu/14.2.0/crtend.o /lib/x86_64-linux-gnu/crtn.o
COLLECT_GCC_OPTIONS='-v' '-o' 'cmTC_7a3f2' '-mtune=generic' '-march=x86-64' '-dumpdir' 'cmTC_7a3f2.'
make[1]: Leaving directory '/home/imc/Documents/EtherCAT_Elmo_Base/build/CMakeFiles/CMakeTmp'



Parsed C implicit include dir info from above output: rv=done
  found start of include info
  found start of implicit include info
    add: [/usr/local/gcc-14.2.0/lib/gcc/x86_64-linux-gnu/14.2.0/include]
    add: [/usr/local/include]
    add: [/usr/local/gcc-14.2.0/include]
    add: [/usr/local/gcc-14.2.0/lib/gcc/x86_64-linux-gnu/14.2.0/include-fixed/x86_64-linux-gnu]
    add: [/usr/local/gcc-14.2.0/lib/gcc/x86_64-linux-gnu/14.2.0/include-fixed]
    add: [/usr/include/x86_64-linux-gnu]
    add: [/usr/include]
  end of search list found
  collapse include dir [/usr/local/gcc-14.2.0/lib/gcc/x86_64-linux-gnu/14.2.0/include] ==> [/usr/local/gcc-14.2.0/lib/gcc/x86_64-linux-gnu/14.2.0/include]
  collapse include dir [/usr/local/include] ==> [/usr/local/include]
  collapse include dir [/usr/local/gcc-14.2.0/include] ==> [/usr/local/gcc-14.2.0/include]
  collapse include dir [/usr/local/gcc-14.2.0/lib/gcc/x86_64-linux-gnu/14.2.0/include-fixed/x86_64-linux-gnu] ==> [/usr/local/gcc-14.2.0/lib/gcc/x86_64-linux-gnu/14.2.0/include-fixed/x86_64-linux-gnu]
  collapse include dir [/usr/local/gcc-14.2.0/lib/gcc/x86_64-linux-gnu/14.2.0/include-fixed] ==> [/usr/local/gcc-14.2.0/lib/gcc/x86_64-linux-gnu/14.2.0/include-fixed]
  collapse include dir [/usr/include/x86_64-linux-gnu] ==> [/usr/include/x86_64-linux-gnu]
  collapse include dir [/usr/include] ==> [/usr/include]
  implicit include dirs: [/usr/local/gcc-14.2.0/lib/gcc/x86_64-linux-gnu/14.2.0/include;/usr/local/include;/usr/local/gcc-14.2.0/include;/usr/local/gcc-14.2.0/lib/gcc/x86_64-linux-gnu/14.2.0/include-fixed/x86_64-linux-gnu;/usr/local/gcc-14.2.0/lib/gcc/x86_64-linux-gnu/14.2.0/include-fixed;/usr/include/x86_64-linux-gnu;/usr/include]


Parsed C implicit link information from above output:
  link line regex: [^( *|.*[/\])(ld|CMAKE_LINK_STARTFILE-NOTFOUND|([^/\]+-)?ld|collect2)[^/\]*( |$)]
  ignore line: [Change Dir: /home/imc/Documents/EtherCAT_Elmo_Base/build/CMakeFiles/CMakeTmp]
  ignore line: []
  ignore line: [Run Build Command(s):/usr/bin/make cmTC_7a3f2/fast && /usr/bin/make -f CMakeFiles/cmTC_7a3f2.dir/build.make CMakeFiles/cmTC_7a3f2.dir/build]
  ignore line: [make[1]: Entering directory '/home/imc/Documents/EtherCAT_Elmo_Base/build/CMakeFiles/CMakeTmp']
  ignore line: [Building C object CMakeFiles/cmTC_7a3f2.dir/CMakeCCompilerABI.c.o]
  ignore line: [/usr/bin/cc   -v -o CMakeFiles/cmTC_7a3f2.dir/CMakeCCompilerABI.c.o   -c /usr/share/cmake-3.16/Modules/CMakeCCompilerABI.c]
  ignore line: [Using built-in specs.]
  ignore line: [COLLECT_GCC=/usr/bin/cc]
  ignore line: [Target: x86_64-linux-gnu]
  ignore line: [Configured with: ./configure -v --build=x86_64-linux-gnu --host=x86_64-linux-gnu --target=x86_64-linux-gnu --prefix=/usr/local/gcc-14.2.0 --enable-checking=release --enable-languages=c c++ --disable-multilib --program-suffix=-14.2.0]
  ignore line: [Thread model: posix]
  ignore line: [Supported LTO compression algorithms: zlib]
  ignore line: [gcc version 14.2.0 (GCC) ]
  ignore line: [COLLECT_GCC_OPTIONS='-v' '-o' 'CMakeFiles/cmTC_7a3f2.dir/CMakeCCompilerABI.c.o' '-c' '-mtune=generic' '-march=x86-64' '-dumpdir' 'CMakeFiles/cmTC_7a3f2.dir/']
  ignore line: [ /usr/local/gcc-14.2.0/libexec/gcc/x86_64-linux-gnu/14.2.0/cc1 -quiet -v -imultiarch x86_64-linux-gnu /usr/share/cmake-3.16/Modules/CMakeCCompilerABI.c -quiet -dumpdir CMakeFiles/cmTC_7a3f2.dir/ -dumpbase CMakeCCompilerABI.c.c -dumpbase-ext .c -mtune=generic -march=x86-64 -version -o /tmp/ccX6vwK4.s]
  ignore line: [GNU C17 (GCC) version 14.2.0 (x86_64-linux-gnu)]
  ignore line: [	compiled by GNU C version 14.2.0  GMP version 6.2.0  MPFR version 4.0.2  MPC version 1.1.0  isl version none]
  ignore line: [GGC heuristics: --param ggc-min-expand=100 --param ggc-min-heapsize=131072]
  ignore line: [ignoring nonexistent directory "/usr/local/include/x86_64-linux-gnu"]
  ignore line: [ignoring nonexistent directory "/usr/local/gcc-14.2.0/lib/gcc/x86_64-linux-gnu/14.2.0/../../../../x86_64-linux-gnu/include"]
  ignore line: [#include "..." search starts here:]
  ignore line: [#include <...> search starts here:]
  ignore line: [ /usr/local/gcc-14.2.0/lib/gcc/x86_64-linux-gnu/14.2.0/include]
  ignore line: [ /usr/local/include]
  ignore line: [ /usr/local/gcc-14.2.0/include]
  ignore line: [ /usr/local/gcc-14.2.0/lib/gcc/x86_64-linux-gnu/14.2.0/include-fixed/x86_64-linux-gnu]
  ignore line: [ /usr/local/gcc-14.2.0/lib/gcc/x86_64-linux-gnu/14.2.0/include-fixed]
  ignore line: [ /usr/include/x86_64-linux-gnu]
  ignore line: [ /usr/include]
  ignore line: [End of search list.]
  ignore line: [Compiler executable checksum: e6d73b48cf4f3ebcb07b647ea3101a98]
  ignore line: [COLLECT_GCC_OPTIONS='-v' '-o' 'CMakeFiles/cmTC_7a3f2.dir/CMakeCCompilerABI.c.o' '-c' '-mtune=generic' '-march=x86-64' '-dumpdir' 'CMakeFiles/cmTC_7a3f2.dir/']
  ignore line: [ as -v --64 -o CMakeFiles/cmTC_7a3f2.dir/CMakeCCompilerABI.c.o /tmp/ccX6vwK4.s]
  ignore line: [GNU assembler version 2.34 (x86_64-linux-gnu) using BFD version (GNU Binutils for Ubuntu) 2.34]
  ignore line: [COMPILER_PATH=/usr/local/gcc-14.2.0/libexec/gcc/x86_64-linux-gnu/14.2.0/:/usr/local/gcc-14.2.0/libexec/gcc/x86_64-linux-gnu/14.2.0/:/usr/local/gcc-14.2.0/libexec/gcc/x86_64-linux-gnu/:/usr/local/gcc-14.2.0/lib/gcc/x86_64-linux-gnu/14.2.0/:/usr/local/gcc-14.2.0/lib/gcc/x86_64-linux-gnu/]
  ignore line: [LIBRARY_PATH=/usr/local/gcc-14.2.0/lib/gcc/x86_64-linux-gnu/14.2.0/:/usr/local/gcc-14.2.0/lib/gcc/x86_64-linux-gnu/14.2.0/../../../../lib64/:/lib/x86_64-linux-gnu/:/lib/../lib64/:/usr/lib/x86_64-linux-gnu/:/usr/lib/../lib64/:/usr/local/gcc-14.2.0/lib/gcc/x86_64-linux-gnu/14.2.0/../../../:/lib/:/usr/lib/]
  ignore line: [COLLECT_GCC_OPTIONS='-v' '-o' 'CMakeFiles/cmTC_7a3f2.dir/CMakeCCompilerABI.c.o' '-c' '-mtune=generic' '-march=x86-64' '-dumpdir' 'CMakeFiles/cmTC_7a3f2.dir/CMakeCCompilerABI.c.']
  ignore line: [Linking C executable cmTC_7a3f2]
  ignore line: [/usr/bin/cmake -E cmake_link_script CMakeFiles/cmTC_7a3f2.dir/link.txt --verbose=1]
  ignore line: [/usr/bin/cc     -v CMakeFiles/cmTC_7a3f2.dir/CMakeCCompilerABI.c.o  -o cmTC_7a3f2 ]
  ignore line: [Using built-in specs.]
  ignore line: [COLLECT_GCC=/usr/bin/cc]
  ignore line: [COLLECT_LTO_WRAPPER=/usr/local/gcc-14.2.0/libexec/gcc/x86_64-linux-gnu/14.2.0/lto-wrapper]
  ignore line: [Target: x86_64-linux-gnu]
  ignore line: [Configured with: ./configure -v --build=x86_64-linux-gnu --host=x86_64-linux-gnu --target=x86_64-linux-gnu --prefix=/usr/local/gcc-14.2.0 --enable-checking=release --enable-languages=c c++ --disable-multilib --program-suffix=-14.2.0]
  ignore line: [Thread model: posix]
  ignore line: [Supported LTO compression algorithms: zlib]
  ignore line: [gcc version 14.2.0 (GCC) ]
  ignore line: [COMPILER_PATH=/usr/local/gcc-14.2.0/libexec/gcc/x86_64-linux-gnu/14.2.0/:/usr/local/gcc-14.2.0/libexec/gcc/x86_64-linux-gnu/14.2.0/:/usr/local/gcc-14.2.0/libexec/gcc/x86_64-linux-gnu/:/usr/local/gcc-14.2.0/lib/gcc/x86_64-linux-gnu/14.2.0/:/usr/local/gcc-14.2.0/lib/gcc/x86_64-linux-gnu/]
  ignore line: [LIBRARY_PATH=/usr/local/gcc-14.2.0/lib/gcc/x86_64-linux-gnu/14.2.0/:/usr/local/gcc-14.2.0/lib/gcc/x86_64-linux-gnu/14.2.0/../../../../lib64/:/lib/x86_64-linux-gnu/:/lib/../lib64/:/usr/lib/x86_64-linux-gnu/:/usr/lib/../lib64/:/usr/local/gcc-14.2.0/lib/gcc/x86_64-linux-gnu/14.2.0/../../../:/lib/:/usr/lib/]
  ignore line: [COLLECT_GCC_OPTIONS='-v' '-o' 'cmTC_7a3f2' '-mtune=generic' '-march=x86-64' '-dumpdir' 'cmTC_7a3f2.']
  link line: [ /usr/local/gcc-14.2.0/libexec/gcc/x86_64-linux-gnu/14.2.0/collect2 -plugin /usr/local/gcc-14.2.0/libexec/gcc/x86_64-linux-gnu/14.2.0/liblto_plugin.so -plugin-opt=/usr/local/gcc-14.2.0/libexec/gcc/x86_64-linux-gnu/14.2.0/lto-wrapper -plugin-opt=-fresolution=/tmp/ccIez4gA.res -plugin-opt=-pass-through=-lgcc -plugin-opt=-pass-through=-lgcc_s -plugin-opt=-pass-through=-lc -plugin-opt=-pass-through=-lgcc -plugin-opt=-pass-through=-lgcc_s --eh-frame-hdr -m elf_x86_64 -dynamic-linker /lib64/ld-linux-x86-64.so.2 -o cmTC_7a3f2 /lib/x86_64-linux-gnu/crt1.o /lib/x86_64-linux-gnu/crti.o /usr/local/gcc-14.2.0/lib/gcc/x86_64-linux-gnu/14.2.0/crtbegin.o -L/usr/local/gcc-14.2.0/lib/gcc/x86_64-linux-gnu/14.2.0 -L/usr/local/gcc-14.2.0/lib/gcc/x86_64-linux-gnu/14.2.0/../../../../lib64 -L/lib/x86_64-linux-gnu -L/lib/../lib64 -L/usr/lib/x86_64-linux-gnu -L/usr/lib/../lib64 -L/usr/local/gcc-14.2.0/lib/gcc/x86_64-linux-gnu/14.2.0/../../.. CMakeFiles/cmTC_7a3f2.dir/CMakeCCompilerABI.c.o -lgcc --push-state --as-needed -lgcc_s --pop-state -lc -lgcc --push-state --as-needed -lgcc_s --pop-state /usr/local/gcc-14.2.0/lib/gcc/x86_64-linux-gnu/14.2.0/crtend.o /lib/x86_64-linux-gnu/crtn.o]
    arg [/usr/local/gcc-14.2.0/libexec/gcc/x86_64-linux-gnu/14.2.0/collect2] ==> ignore
    arg [-plugin] ==> ignore
    arg [/usr/local/gcc-14.2.0/libexec/gcc/x86_64-linux-gnu/14.2.0/liblto_plugin.so] ==> ignore
    arg [-plugin-opt=/usr/local/gcc-14.2.0/libexec/gcc/x86_64-linux-gnu/14.2.0/lto-wrapper] ==> ignore
    arg [-plugin-opt=-fresolution=/tmp/ccIez4gA.res] ==> ignore
    arg [-plugin-opt=-pass-through=-lgcc] ==> ignore
    arg [-plugin-opt=-pass-through=-lgcc_s] ==> ignore
    arg [-plugin-opt=-pass-through=-lc] ==> ignore
    arg [-plugin-opt=-pass-through=-lgcc] ==> ignore
    arg [-plugin-opt=-pass-through=-lgcc_s] ==> ignore
    arg [--eh-frame-hdr] ==> ignore
    arg [-m] ==> ignore
    arg [elf_x86_64] ==> ignore
    arg [-dynamic-linker] ==> ignore
    arg [/lib64/ld-linux-x86-64.so.2] ==> ignore
    arg [-o] ==> ignore
    arg [cmTC_7a3f2] ==> ignore
    arg [/lib/x86_64-linux-gnu/crt1.o] ==> ignore
    arg [/lib/x86_64-linux-gnu/crti.o] ==> ignore
    arg [/usr/local/gcc-14.2.0/lib/gcc/x86_64-linux-gnu/14.2.0/crtbegin.o] ==> ignore
    arg [-L/usr/local/gcc-14.2.0/lib/gcc/x86_64-linux-gnu/14.2.0] ==> dir [/usr/local/gcc-14.2.0/lib/gcc/x86_64-linux-gnu/14.2.0]
    arg [-L/usr/local/gcc-14.2.0/lib/gcc/x86_64-linux-gnu/14.2.0/../../../../lib64] ==> dir [/usr/local/gcc-14.2.0/lib/gcc/x86_64-linux-gnu/14.2.0/../../../../lib64]
    arg [-L/lib/x86_64-linux-gnu] ==> dir [/lib/x86_64-linux-gnu]
    arg [-L/lib/../lib64] ==> dir [/lib/../lib64]
    arg [-L/usr/lib/x86_64-linux-gnu] ==> dir [/usr/lib/x86_64-linux-gnu]
    arg [-L/usr/lib/../lib64] ==> dir [/usr/lib/../lib64]
    arg [-L/usr/local/gcc-14.2.0/lib/gcc/x86_64-linux-gnu/14.2.0/../../..] ==> dir [/usr/local/gcc-14.2.0/lib/gcc/x86_64-linux-gnu/14.2.0/../../..]
    arg [CMakeFiles/cmTC_7a3f2.dir/CMakeCCompilerABI.c.o] ==> ignore
    arg [-lgcc] ==> lib [gcc]
    arg [--push-state] ==> ignore
    arg [--as-needed] ==> ignore
    arg [-lgcc_s] ==> lib [gcc_s]
    arg [--pop-state] ==> ignore
    arg [-lc] ==> lib [c]
    arg [-lgcc] ==> lib [gcc]
    arg [--push-state] ==> ignore
    arg [--as-needed] ==> ignore
    arg [-lgcc_s] ==> lib [gcc_s]
    arg [--pop-state] ==> ignore
    arg [/usr/local/gcc-14.2.0/lib/gcc/x86_64-linux-gnu/14.2.0/crtend.o] ==> ignore
    arg [/lib/x86_64-linux-gnu/crtn.o] ==> ignore
  collapse library dir [/usr/local/gcc-14.2.0/lib/gcc/x86_64-linux-gnu/14.2.0] ==> [/usr/local/gcc-14.2.0/lib/gcc/x86_64-linux-gnu/14.2.0]
  collapse library dir [/usr/local/gcc-14.2.0/lib/gcc/x86_64-linux-gnu/14.2.0/../../../../lib64] ==> [/usr/local/gcc-14.2.0/lib64]
  collapse library dir [/lib/x86_64-linux-gnu] ==> [/lib/x86_64-linux-gnu]
  collapse library dir [/lib/../lib64] ==> [/lib64]
  collapse library dir [/usr/lib/x86_64-linux-gnu] ==> [/usr/lib/x86_64-linux-gnu]
  collapse library dir [/usr/lib/../lib64] ==> [/usr/lib64]
  collapse library dir [/usr/local/gcc-14.2.0/lib/gcc/x86_64-linux-gnu/14.2.0/../../..] ==> [/usr/local/gcc-14.2.0/lib]
  implicit libs: [gcc;gcc_s;c;gcc;gcc_s]
  implicit dirs: [/usr/local/gcc-14.2.0/lib/gcc/x86_64-linux-gnu/14.2.0;/usr/local/gcc-14.2.0/lib64;/lib/x86_64-linux-gnu;/lib64;/usr/lib/x86_64-linux-gnu;/usr/lib64;/usr/local/gcc-14.2.0/lib]
  implicit fwks: []


Determining if the CXX compiler works passed with the following output:
Change Dir: /home/imc/Documents/EtherCAT_Elmo_Base/build/CMakeFiles/CMakeTmp

Run Build Command(s):/usr/bin/make cmTC_165d0/fast && /usr/bin/make -f CMakeFiles/cmTC_165d0.dir/build.make CMakeFiles/cmTC_165d0.dir/build
make[1]: 进入目录“/home/imc/Documents/EtherCAT_Elmo_Base/build/CMakeFiles/CMakeTmp”
Building CXX object CMakeFiles/cmTC_165d0.dir/testCXXCompiler.cxx.o
/usr/bin/c++     -o CMakeFiles/cmTC_165d0.dir/testCXXCompiler.cxx.o -c /home/imc/Documents/EtherCAT_Elmo_Base/build/CMakeFiles/CMakeTmp/testCXXCompiler.cxx
Linking CXX executable cmTC_165d0
/usr/bin/cmake -E cmake_link_script CMakeFiles/cmTC_165d0.dir/link.txt --verbose=1
/usr/bin/c++       CMakeFiles/cmTC_165d0.dir/testCXXCompiler.cxx.o  -o cmTC_165d0 
make[1]: 离开目录“/home/imc/Documents/EtherCAT_Elmo_Base/build/CMakeFiles/CMakeTmp”



Detecting CXX compiler ABI info compiled with the following output:
Change Dir: /home/imc/Documents/EtherCAT_Elmo_Base/build/CMakeFiles/CMakeTmp

Run Build Command(s):/usr/bin/make cmTC_1a34d/fast && /usr/bin/make -f CMakeFiles/cmTC_1a34d.dir/build.make CMakeFiles/cmTC_1a34d.dir/build
make[1]: Entering directory '/home/imc/Documents/EtherCAT_Elmo_Base/build/CMakeFiles/CMakeTmp'
Building CXX object CMakeFiles/cmTC_1a34d.dir/CMakeCXXCompilerABI.cpp.o
/usr/bin/c++    -v -o CMakeFiles/cmTC_1a34d.dir/CMakeCXXCompilerABI.cpp.o -c /usr/share/cmake-3.16/Modules/CMakeCXXCompilerABI.cpp
Using built-in specs.
COLLECT_GCC=/usr/bin/c++
Target: x86_64-linux-gnu
Configured with: ./configure -v --build=x86_64-linux-gnu --host=x86_64-linux-gnu --target=x86_64-linux-gnu --prefix=/usr/local/gcc-14.2.0 --enable-checking=release --enable-languages=c,c++ --disable-multilib --program-suffix=-14.2.0
Thread model: posix
Supported LTO compression algorithms: zlib
gcc version 14.2.0 (GCC) 
COLLECT_GCC_OPTIONS='-v' '-o' 'CMakeFiles/cmTC_1a34d.dir/CMakeCXXCompilerABI.cpp.o' '-c' '-shared-libgcc' '-mtune=generic' '-march=x86-64' '-dumpdir' 'CMakeFiles/cmTC_1a34d.dir/'
 /usr/local/gcc-14.2.0/libexec/gcc/x86_64-linux-gnu/14.2.0/cc1plus -quiet -v -imultiarch x86_64-linux-gnu -D_GNU_SOURCE /usr/share/cmake-3.16/Modules/CMakeCXXCompilerABI.cpp -quiet -dumpdir CMakeFiles/cmTC_1a34d.dir/ -dumpbase CMakeCXXCompilerABI.cpp.cpp -dumpbase-ext .cpp -mtune=generic -march=x86-64 -version -o /tmp/ccwLBDr3.s
GNU C++17 (GCC) version 14.2.0 (x86_64-linux-gnu)
	compiled by GNU C version 14.2.0, GMP version 6.2.0, MPFR version 4.0.2, MPC version 1.1.0, isl version none
GGC heuristics: --param ggc-min-expand=100 --param ggc-min-heapsize=131072
ignoring nonexistent directory "/usr/local/include/x86_64-linux-gnu"
ignoring nonexistent directory "/usr/local/gcc-14.2.0/lib/gcc/x86_64-linux-gnu/14.2.0/../../../../x86_64-linux-gnu/include"
#include "..." search starts here:
#include <...> search starts here:
 /usr/local/gcc-14.2.0/lib/gcc/x86_64-linux-gnu/14.2.0/../../../../include/c++/14.2.0
 /usr/local/gcc-14.2.0/lib/gcc/x86_64-linux-gnu/14.2.0/../../../../include/c++/14.2.0/x86_64-linux-gnu
 /usr/local/gcc-14.2.0/lib/gcc/x86_64-linux-gnu/14.2.0/../../../../include/c++/14.2.0/backward
 /usr/local/gcc-14.2.0/lib/gcc/x86_64-linux-gnu/14.2.0/include
 /usr/local/include
 /usr/local/gcc-14.2.0/include
 /usr/local/gcc-14.2.0/lib/gcc/x86_64-linux-gnu/14.2.0/include-fixed/x86_64-linux-gnu
 /usr/local/gcc-14.2.0/lib/gcc/x86_64-linux-gnu/14.2.0/include-fixed
 /usr/include/x86_64-linux-gnu
 /usr/include
End of search list.
Compiler executable checksum: 3437b441c47f3c2e7b4ea2b57ab2e80a
COLLECT_GCC_OPTIONS='-v' '-o' 'CMakeFiles/cmTC_1a34d.dir/CMakeCXXCompilerABI.cpp.o' '-c' '-shared-libgcc' '-mtune=generic' '-march=x86-64' '-dumpdir' 'CMakeFiles/cmTC_1a34d.dir/'
 as -v --64 -o CMakeFiles/cmTC_1a34d.dir/CMakeCXXCompilerABI.cpp.o /tmp/ccwLBDr3.s
GNU assembler version 2.34 (x86_64-linux-gnu) using BFD version (GNU Binutils for Ubuntu) 2.34
COMPILER_PATH=/usr/local/gcc-14.2.0/libexec/gcc/x86_64-linux-gnu/14.2.0/:/usr/local/gcc-14.2.0/libexec/gcc/x86_64-linux-gnu/14.2.0/:/usr/local/gcc-14.2.0/libexec/gcc/x86_64-linux-gnu/:/usr/local/gcc-14.2.0/lib/gcc/x86_64-linux-gnu/14.2.0/:/usr/local/gcc-14.2.0/lib/gcc/x86_64-linux-gnu/
LIBRARY_PATH=/usr/local/gcc-14.2.0/lib/gcc/x86_64-linux-gnu/14.2.0/:/usr/local/gcc-14.2.0/lib/gcc/x86_64-linux-gnu/14.2.0/../../../../lib64/:/lib/x86_64-linux-gnu/:/lib/../lib64/:/usr/lib/x86_64-linux-gnu/:/usr/lib/../lib64/:/usr/local/gcc-14.2.0/lib/gcc/x86_64-linux-gnu/14.2.0/../../../:/lib/:/usr/lib/
COLLECT_GCC_OPTIONS='-v' '-o' 'CMakeFiles/cmTC_1a34d.dir/CMakeCXXCompilerABI.cpp.o' '-c' '-shared-libgcc' '-mtune=generic' '-march=x86-64' '-dumpdir' 'CMakeFiles/cmTC_1a34d.dir/CMakeCXXCompilerABI.cpp.'
Linking CXX executable cmTC_1a34d
/usr/bin/cmake -E cmake_link_script CMakeFiles/cmTC_1a34d.dir/link.txt --verbose=1
/usr/bin/c++      -v CMakeFiles/cmTC_1a34d.dir/CMakeCXXCompilerABI.cpp.o  -o cmTC_1a34d 
Using built-in specs.
COLLECT_GCC=/usr/bin/c++
COLLECT_LTO_WRAPPER=/usr/local/gcc-14.2.0/libexec/gcc/x86_64-linux-gnu/14.2.0/lto-wrapper
Target: x86_64-linux-gnu
Configured with: ./configure -v --build=x86_64-linux-gnu --host=x86_64-linux-gnu --target=x86_64-linux-gnu --prefix=/usr/local/gcc-14.2.0 --enable-checking=release --enable-languages=c,c++ --disable-multilib --program-suffix=-14.2.0
Thread model: posix
Supported LTO compression algorithms: zlib
gcc version 14.2.0 (GCC) 
COMPILER_PATH=/usr/local/gcc-14.2.0/libexec/gcc/x86_64-linux-gnu/14.2.0/:/usr/local/gcc-14.2.0/libexec/gcc/x86_64-linux-gnu/14.2.0/:/usr/local/gcc-14.2.0/libexec/gcc/x86_64-linux-gnu/:/usr/local/gcc-14.2.0/lib/gcc/x86_64-linux-gnu/14.2.0/:/usr/local/gcc-14.2.0/lib/gcc/x86_64-linux-gnu/
LIBRARY_PATH=/usr/local/gcc-14.2.0/lib/gcc/x86_64-linux-gnu/14.2.0/:/usr/local/gcc-14.2.0/lib/gcc/x86_64-linux-gnu/14.2.0/../../../../lib64/:/lib/x86_64-linux-gnu/:/lib/../lib64/:/usr/lib/x86_64-linux-gnu/:/usr/lib/../lib64/:/usr/local/gcc-14.2.0/lib/gcc/x86_64-linux-gnu/14.2.0/../../../:/lib/:/usr/lib/
COLLECT_GCC_OPTIONS='-v' '-o' 'cmTC_1a34d' '-shared-libgcc' '-mtune=generic' '-march=x86-64' '-dumpdir' 'cmTC_1a34d.'
 /usr/local/gcc-14.2.0/libexec/gcc/x86_64-linux-gnu/14.2.0/collect2 -plugin /usr/local/gcc-14.2.0/libexec/gcc/x86_64-linux-gnu/14.2.0/liblto_plugin.so -plugin-opt=/usr/local/gcc-14.2.0/libexec/gcc/x86_64-linux-gnu/14.2.0/lto-wrapper -plugin-opt=-fresolution=/tmp/cc40Wewy.res -plugin-opt=-pass-through=-lgcc_s -plugin-opt=-pass-through=-lgcc -plugin-opt=-pass-through=-lc -plugin-opt=-pass-through=-lgcc_s -plugin-opt=-pass-through=-lgcc --eh-frame-hdr -m elf_x86_64 -dynamic-linker /lib64/ld-linux-x86-64.so.2 -o cmTC_1a34d /lib/x86_64-linux-gnu/crt1.o /lib/x86_64-linux-gnu/crti.o /usr/local/gcc-14.2.0/lib/gcc/x86_64-linux-gnu/14.2.0/crtbegin.o -L/usr/local/gcc-14.2.0/lib/gcc/x86_64-linux-gnu/14.2.0 -L/usr/local/gcc-14.2.0/lib/gcc/x86_64-linux-gnu/14.2.0/../../../../lib64 -L/lib/x86_64-linux-gnu -L/lib/../lib64 -L/usr/lib/x86_64-linux-gnu -L/usr/lib/../lib64 -L/usr/local/gcc-14.2.0/lib/gcc/x86_64-linux-gnu/14.2.0/../../.. CMakeFiles/cmTC_1a34d.dir/CMakeCXXCompilerABI.cpp.o -lstdc++ -lm -lgcc_s -lgcc -lc -lgcc_s -lgcc /usr/local/gcc-14.2.0/lib/gcc/x86_64-linux-gnu/14.2.0/crtend.o /lib/x86_64-linux-gnu/crtn.o
COLLECT_GCC_OPTIONS='-v' '-o' 'cmTC_1a34d' '-shared-libgcc' '-mtune=generic' '-march=x86-64' '-dumpdir' 'cmTC_1a34d.'
make[1]: Leaving directory '/home/imc/Documents/EtherCAT_Elmo_Base/build/CMakeFiles/CMakeTmp'



Parsed CXX implicit include dir info from above output: rv=done
  found start of include info
  found start of implicit include info
    add: [/usr/local/gcc-14.2.0/lib/gcc/x86_64-linux-gnu/14.2.0/../../../../include/c++/14.2.0]
    add: [/usr/local/gcc-14.2.0/lib/gcc/x86_64-linux-gnu/14.2.0/../../../../include/c++/14.2.0/x86_64-linux-gnu]
    add: [/usr/local/gcc-14.2.0/lib/gcc/x86_64-linux-gnu/14.2.0/../../../../include/c++/14.2.0/backward]
    add: [/usr/local/gcc-14.2.0/lib/gcc/x86_64-linux-gnu/14.2.0/include]
    add: [/usr/local/include]
    add: [/usr/local/gcc-14.2.0/include]
    add: [/usr/local/gcc-14.2.0/lib/gcc/x86_64-linux-gnu/14.2.0/include-fixed/x86_64-linux-gnu]
    add: [/usr/local/gcc-14.2.0/lib/gcc/x86_64-linux-gnu/14.2.0/include-fixed]
    add: [/usr/include/x86_64-linux-gnu]
    add: [/usr/include]
  end of search list found
  collapse include dir [/usr/local/gcc-14.2.0/lib/gcc/x86_64-linux-gnu/14.2.0/../../../../include/c++/14.2.0] ==> [/usr/local/gcc-14.2.0/include/c++/14.2.0]
  collapse include dir [/usr/local/gcc-14.2.0/lib/gcc/x86_64-linux-gnu/14.2.0/../../../../include/c++/14.2.0/x86_64-linux-gnu] ==> [/usr/local/gcc-14.2.0/include/c++/14.2.0/x86_64-linux-gnu]
  collapse include dir [/usr/local/gcc-14.2.0/lib/gcc/x86_64-linux-gnu/14.2.0/../../../../include/c++/14.2.0/backward] ==> [/usr/local/gcc-14.2.0/include/c++/14.2.0/backward]
  collapse include dir [/usr/local/gcc-14.2.0/lib/gcc/x86_64-linux-gnu/14.2.0/include] ==> [/usr/local/gcc-14.2.0/lib/gcc/x86_64-linux-gnu/14.2.0/include]
  collapse include dir [/usr/local/include] ==> [/usr/local/include]
  collapse include dir [/usr/local/gcc-14.2.0/include] ==> [/usr/local/gcc-14.2.0/include]
  collapse include dir [/usr/local/gcc-14.2.0/lib/gcc/x86_64-linux-gnu/14.2.0/include-fixed/x86_64-linux-gnu] ==> [/usr/local/gcc-14.2.0/lib/gcc/x86_64-linux-gnu/14.2.0/include-fixed/x86_64-linux-gnu]
  collapse include dir [/usr/local/gcc-14.2.0/lib/gcc/x86_64-linux-gnu/14.2.0/include-fixed] ==> [/usr/local/gcc-14.2.0/lib/gcc/x86_64-linux-gnu/14.2.0/include-fixed]
  collapse include dir [/usr/include/x86_64-linux-gnu] ==> [/usr/include/x86_64-linux-gnu]
  collapse include dir [/usr/include] ==> [/usr/include]
  implicit include dirs: [/usr/local/gcc-14.2.0/include/c++/14.2.0;/usr/local/gcc-14.2.0/include/c++/14.2.0/x86_64-linux-gnu;/usr/local/gcc-14.2.0/include/c++/14.2.0/backward;/usr/local/gcc-14.2.0/lib/gcc/x86_64-linux-gnu/14.2.0/include;/usr/local/include;/usr/local/gcc-14.2.0/include;/usr/local/gcc-14.2.0/lib/gcc/x86_64-linux-gnu/14.2.0/include-fixed/x86_64-linux-gnu;/usr/local/gcc-14.2.0/lib/gcc/x86_64-linux-gnu/14.2.0/include-fixed;/usr/include/x86_64-linux-gnu;/usr/include]


Parsed CXX implicit link information from above output:
  link line regex: [^( *|.*[/\])(ld|CMAKE_LINK_STARTFILE-NOTFOUND|([^/\]+-)?ld|collect2)[^/\]*( |$)]
  ignore line: [Change Dir: /home/imc/Documents/EtherCAT_Elmo_Base/build/CMakeFiles/CMakeTmp]
  ignore line: []
  ignore line: [Run Build Command(s):/usr/bin/make cmTC_1a34d/fast && /usr/bin/make -f CMakeFiles/cmTC_1a34d.dir/build.make CMakeFiles/cmTC_1a34d.dir/build]
  ignore line: [make[1]: Entering directory '/home/imc/Documents/EtherCAT_Elmo_Base/build/CMakeFiles/CMakeTmp']
  ignore line: [Building CXX object CMakeFiles/cmTC_1a34d.dir/CMakeCXXCompilerABI.cpp.o]
  ignore line: [/usr/bin/c++    -v -o CMakeFiles/cmTC_1a34d.dir/CMakeCXXCompilerABI.cpp.o -c /usr/share/cmake-3.16/Modules/CMakeCXXCompilerABI.cpp]
  ignore line: [Using built-in specs.]
  ignore line: [COLLECT_GCC=/usr/bin/c++]
  ignore line: [Target: x86_64-linux-gnu]
  ignore line: [Configured with: ./configure -v --build=x86_64-linux-gnu --host=x86_64-linux-gnu --target=x86_64-linux-gnu --prefix=/usr/local/gcc-14.2.0 --enable-checking=release --enable-languages=c c++ --disable-multilib --program-suffix=-14.2.0]
  ignore line: [Thread model: posix]
  ignore line: [Supported LTO compression algorithms: zlib]
  ignore line: [gcc version 14.2.0 (GCC) ]
  ignore line: [COLLECT_GCC_OPTIONS='-v' '-o' 'CMakeFiles/cmTC_1a34d.dir/CMakeCXXCompilerABI.cpp.o' '-c' '-shared-libgcc' '-mtune=generic' '-march=x86-64' '-dumpdir' 'CMakeFiles/cmTC_1a34d.dir/']
  ignore line: [ /usr/local/gcc-14.2.0/libexec/gcc/x86_64-linux-gnu/14.2.0/cc1plus -quiet -v -imultiarch x86_64-linux-gnu -D_GNU_SOURCE /usr/share/cmake-3.16/Modules/CMakeCXXCompilerABI.cpp -quiet -dumpdir CMakeFiles/cmTC_1a34d.dir/ -dumpbase CMakeCXXCompilerABI.cpp.cpp -dumpbase-ext .cpp -mtune=generic -march=x86-64 -version -o /tmp/ccwLBDr3.s]
  ignore line: [GNU C++17 (GCC) version 14.2.0 (x86_64-linux-gnu)]
  ignore line: [	compiled by GNU C version 14.2.0  GMP version 6.2.0  MPFR version 4.0.2  MPC version 1.1.0  isl version none]
  ignore line: [GGC heuristics: --param ggc-min-expand=100 --param ggc-min-heapsize=131072]
  ignore line: [ignoring nonexistent directory "/usr/local/include/x86_64-linux-gnu"]
  ignore line: [ignoring nonexistent directory "/usr/local/gcc-14.2.0/lib/gcc/x86_64-linux-gnu/14.2.0/../../../../x86_64-linux-gnu/include"]
  ignore line: [#include "..." search starts here:]
  ignore line: [#include <...> search starts here:]
  ignore line: [ /usr/local/gcc-14.2.0/lib/gcc/x86_64-linux-gnu/14.2.0/../../../../include/c++/14.2.0]
  ignore line: [ /usr/local/gcc-14.2.0/lib/gcc/x86_64-linux-gnu/14.2.0/../../../../include/c++/14.2.0/x86_64-linux-gnu]
  ignore line: [ /usr/local/gcc-14.2.0/lib/gcc/x86_64-linux-gnu/14.2.0/../../../../include/c++/14.2.0/backward]
  ignore line: [ /usr/local/gcc-14.2.0/lib/gcc/x86_64-linux-gnu/14.2.0/include]
  ignore line: [ /usr/local/include]
  ignore line: [ /usr/local/gcc-14.2.0/include]
  ignore line: [ /usr/local/gcc-14.2.0/lib/gcc/x86_64-linux-gnu/14.2.0/include-fixed/x86_64-linux-gnu]
  ignore line: [ /usr/local/gcc-14.2.0/lib/gcc/x86_64-linux-gnu/14.2.0/include-fixed]
  ignore line: [ /usr/include/x86_64-linux-gnu]
  ignore line: [ /usr/include]
  ignore line: [End of search list.]
  ignore line: [Compiler executable checksum: 3437b441c47f3c2e7b4ea2b57ab2e80a]
  ignore line: [COLLECT_GCC_OPTIONS='-v' '-o' 'CMakeFiles/cmTC_1a34d.dir/CMakeCXXCompilerABI.cpp.o' '-c' '-shared-libgcc' '-mtune=generic' '-march=x86-64' '-dumpdir' 'CMakeFiles/cmTC_1a34d.dir/']
  ignore line: [ as -v --64 -o CMakeFiles/cmTC_1a34d.dir/CMakeCXXCompilerABI.cpp.o /tmp/ccwLBDr3.s]
  ignore line: [GNU assembler version 2.34 (x86_64-linux-gnu) using BFD version (GNU Binutils for Ubuntu) 2.34]
  ignore line: [COMPILER_PATH=/usr/local/gcc-14.2.0/libexec/gcc/x86_64-linux-gnu/14.2.0/:/usr/local/gcc-14.2.0/libexec/gcc/x86_64-linux-gnu/14.2.0/:/usr/local/gcc-14.2.0/libexec/gcc/x86_64-linux-gnu/:/usr/local/gcc-14.2.0/lib/gcc/x86_64-linux-gnu/14.2.0/:/usr/local/gcc-14.2.0/lib/gcc/x86_64-linux-gnu/]
  ignore line: [LIBRARY_PATH=/usr/local/gcc-14.2.0/lib/gcc/x86_64-linux-gnu/14.2.0/:/usr/local/gcc-14.2.0/lib/gcc/x86_64-linux-gnu/14.2.0/../../../../lib64/:/lib/x86_64-linux-gnu/:/lib/../lib64/:/usr/lib/x86_64-linux-gnu/:/usr/lib/../lib64/:/usr/local/gcc-14.2.0/lib/gcc/x86_64-linux-gnu/14.2.0/../../../:/lib/:/usr/lib/]
  ignore line: [COLLECT_GCC_OPTIONS='-v' '-o' 'CMakeFiles/cmTC_1a34d.dir/CMakeCXXCompilerABI.cpp.o' '-c' '-shared-libgcc' '-mtune=generic' '-march=x86-64' '-dumpdir' 'CMakeFiles/cmTC_1a34d.dir/CMakeCXXCompilerABI.cpp.']
  ignore line: [Linking CXX executable cmTC_1a34d]
  ignore line: [/usr/bin/cmake -E cmake_link_script CMakeFiles/cmTC_1a34d.dir/link.txt --verbose=1]
  ignore line: [/usr/bin/c++      -v CMakeFiles/cmTC_1a34d.dir/CMakeCXXCompilerABI.cpp.o  -o cmTC_1a34d ]
  ignore line: [Using built-in specs.]
  ignore line: [COLLECT_GCC=/usr/bin/c++]
  ignore line: [COLLECT_LTO_WRAPPER=/usr/local/gcc-14.2.0/libexec/gcc/x86_64-linux-gnu/14.2.0/lto-wrapper]
  ignore line: [Target: x86_64-linux-gnu]
  ignore line: [Configured with: ./configure -v --build=x86_64-linux-gnu --host=x86_64-linux-gnu --target=x86_64-linux-gnu --prefix=/usr/local/gcc-14.2.0 --enable-checking=release --enable-languages=c c++ --disable-multilib --program-suffix=-14.2.0]
  ignore line: [Thread model: posix]
  ignore line: [Supported LTO compression algorithms: zlib]
  ignore line: [gcc version 14.2.0 (GCC) ]
  ignore line: [COMPILER_PATH=/usr/local/gcc-14.2.0/libexec/gcc/x86_64-linux-gnu/14.2.0/:/usr/local/gcc-14.2.0/libexec/gcc/x86_64-linux-gnu/14.2.0/:/usr/local/gcc-14.2.0/libexec/gcc/x86_64-linux-gnu/:/usr/local/gcc-14.2.0/lib/gcc/x86_64-linux-gnu/14.2.0/:/usr/local/gcc-14.2.0/lib/gcc/x86_64-linux-gnu/]
  ignore line: [LIBRARY_PATH=/usr/local/gcc-14.2.0/lib/gcc/x86_64-linux-gnu/14.2.0/:/usr/local/gcc-14.2.0/lib/gcc/x86_64-linux-gnu/14.2.0/../../../../lib64/:/lib/x86_64-linux-gnu/:/lib/../lib64/:/usr/lib/x86_64-linux-gnu/:/usr/lib/../lib64/:/usr/local/gcc-14.2.0/lib/gcc/x86_64-linux-gnu/14.2.0/../../../:/lib/:/usr/lib/]
  ignore line: [COLLECT_GCC_OPTIONS='-v' '-o' 'cmTC_1a34d' '-shared-libgcc' '-mtune=generic' '-march=x86-64' '-dumpdir' 'cmTC_1a34d.']
  link line: [ /usr/local/gcc-14.2.0/libexec/gcc/x86_64-linux-gnu/14.2.0/collect2 -plugin /usr/local/gcc-14.2.0/libexec/gcc/x86_64-linux-gnu/14.2.0/liblto_plugin.so -plugin-opt=/usr/local/gcc-14.2.0/libexec/gcc/x86_64-linux-gnu/14.2.0/lto-wrapper -plugin-opt=-fresolution=/tmp/cc40Wewy.res -plugin-opt=-pass-through=-lgcc_s -plugin-opt=-pass-through=-lgcc -plugin-opt=-pass-through=-lc -plugin-opt=-pass-through=-lgcc_s -plugin-opt=-pass-through=-lgcc --eh-frame-hdr -m elf_x86_64 -dynamic-linker /lib64/ld-linux-x86-64.so.2 -o cmTC_1a34d /lib/x86_64-linux-gnu/crt1.o /lib/x86_64-linux-gnu/crti.o /usr/local/gcc-14.2.0/lib/gcc/x86_64-linux-gnu/14.2.0/crtbegin.o -L/usr/local/gcc-14.2.0/lib/gcc/x86_64-linux-gnu/14.2.0 -L/usr/local/gcc-14.2.0/lib/gcc/x86_64-linux-gnu/14.2.0/../../../../lib64 -L/lib/x86_64-linux-gnu -L/lib/../lib64 -L/usr/lib/x86_64-linux-gnu -L/usr/lib/../lib64 -L/usr/local/gcc-14.2.0/lib/gcc/x86_64-linux-gnu/14.2.0/../../.. CMakeFiles/cmTC_1a34d.dir/CMakeCXXCompilerABI.cpp.o -lstdc++ -lm -lgcc_s -lgcc -lc -lgcc_s -lgcc /usr/local/gcc-14.2.0/lib/gcc/x86_64-linux-gnu/14.2.0/crtend.o /lib/x86_64-linux-gnu/crtn.o]
    arg [/usr/local/gcc-14.2.0/libexec/gcc/x86_64-linux-gnu/14.2.0/collect2] ==> ignore
    arg [-plugin] ==> ignore
    arg [/usr/local/gcc-14.2.0/libexec/gcc/x86_64-linux-gnu/14.2.0/liblto_plugin.so] ==> ignore
    arg [-plugin-opt=/usr/local/gcc-14.2.0/libexec/gcc/x86_64-linux-gnu/14.2.0/lto-wrapper] ==> ignore
    arg [-plugin-opt=-fresolution=/tmp/cc40Wewy.res] ==> ignore
    arg [-plugin-opt=-pass-through=-lgcc_s] ==> ignore
    arg [-plugin-opt=-pass-through=-lgcc] ==> ignore
    arg [-plugin-opt=-pass-through=-lc] ==> ignore
    arg [-plugin-opt=-pass-through=-lgcc_s] ==> ignore
    arg [-plugin-opt=-pass-through=-lgcc] ==> ignore
    arg [--eh-frame-hdr] ==> ignore
    arg [-m] ==> ignore
    arg [elf_x86_64] ==> ignore
    arg [-dynamic-linker] ==> ignore
    arg [/lib64/ld-linux-x86-64.so.2] ==> ignore
    arg [-o] ==> ignore
    arg [cmTC_1a34d] ==> ignore
    arg [/lib/x86_64-linux-gnu/crt1.o] ==> ignore
    arg [/lib/x86_64-linux-gnu/crti.o] ==> ignore
    arg [/usr/local/gcc-14.2.0/lib/gcc/x86_64-linux-gnu/14.2.0/crtbegin.o] ==> ignore
    arg [-L/usr/local/gcc-14.2.0/lib/gcc/x86_64-linux-gnu/14.2.0] ==> dir [/usr/local/gcc-14.2.0/lib/gcc/x86_64-linux-gnu/14.2.0]
    arg [-L/usr/local/gcc-14.2.0/lib/gcc/x86_64-linux-gnu/14.2.0/../../../../lib64] ==> dir [/usr/local/gcc-14.2.0/lib/gcc/x86_64-linux-gnu/14.2.0/../../../../lib64]
    arg [-L/lib/x86_64-linux-gnu] ==> dir [/lib/x86_64-linux-gnu]
    arg [-L/lib/../lib64] ==> dir [/lib/../lib64]
    arg [-L/usr/lib/x86_64-linux-gnu] ==> dir [/usr/lib/x86_64-linux-gnu]
    arg [-L/usr/lib/../lib64] ==> dir [/usr/lib/../lib64]
    arg [-L/usr/local/gcc-14.2.0/lib/gcc/x86_64-linux-gnu/14.2.0/../../..] ==> dir [/usr/local/gcc-14.2.0/lib/gcc/x86_64-linux-gnu/14.2.0/../../..]
    arg [CMakeFiles/cmTC_1a34d.dir/CMakeCXXCompilerABI.cpp.o] ==> ignore
    arg [-lstdc++] ==> lib [stdc++]
    arg [-lm] ==> lib [m]
    arg [-lgcc_s] ==> lib [gcc_s]
    arg [-lgcc] ==> lib [gcc]
    arg [-lc] ==> lib [c]
    arg [-lgcc_s] ==> lib [gcc_s]
    arg [-lgcc] ==> lib [gcc]
    arg [/usr/local/gcc-14.2.0/lib/gcc/x86_64-linux-gnu/14.2.0/crtend.o] ==> ignore
    arg [/lib/x86_64-linux-gnu/crtn.o] ==> ignore
  collapse library dir [/usr/local/gcc-14.2.0/lib/gcc/x86_64-linux-gnu/14.2.0] ==> [/usr/local/gcc-14.2.0/lib/gcc/x86_64-linux-gnu/14.2.0]
  collapse library dir [/usr/local/gcc-14.2.0/lib/gcc/x86_64-linux-gnu/14.2.0/../../../../lib64] ==> [/usr/local/gcc-14.2.0/lib64]
  collapse library dir [/lib/x86_64-linux-gnu] ==> [/lib/x86_64-linux-gnu]
  collapse library dir [/lib/../lib64] ==> [/lib64]
  collapse library dir [/usr/lib/x86_64-linux-gnu] ==> [/usr/lib/x86_64-linux-gnu]
  collapse library dir [/usr/lib/../lib64] ==> [/usr/lib64]
  collapse library dir [/usr/local/gcc-14.2.0/lib/gcc/x86_64-linux-gnu/14.2.0/../../..] ==> [/usr/local/gcc-14.2.0/lib]
  implicit libs: [stdc++;m;gcc_s;gcc;c;gcc_s;gcc]
  implicit dirs: [/usr/local/gcc-14.2.0/lib/gcc/x86_64-linux-gnu/14.2.0;/usr/local/gcc-14.2.0/lib64;/lib/x86_64-linux-gnu;/lib64;/usr/lib/x86_64-linux-gnu;/usr/lib64;/usr/local/gcc-14.2.0/lib]
  implicit fwks: []


